{"/Users/edwardsuwirya/Enigma/projects/Express/hello-world-db/src/logger.js": {"path":"/Users/edwardsuwirya/Enigma/projects/Express/hello-world-db/src/logger.js","statementMap":{"0":{"start":{"line":3,"column":19},"end":{"line":16,"column":2}}},"fnMap":{},"branchMap":{},"s":{"0":4},"f":{},"b":{},"_coverageSchema":"43e27e138ebf9cfc5966b082cf9a028302ed4184","hash":"fe41ac636db4f11f1d5efa36e2ecc90209f79f9e"}
,"/Users/edwardsuwirya/Enigma/projects/Express/hello-world-db/src/server.js": {"path":"/Users/edwardsuwirya/Enigma/projects/Express/hello-world-db/src/server.js","statementMap":{"0":{"start":{"line":7,"column":12},"end":{"line":7,"column":21}},"1":{"start":{"line":8,"column":0},"end":{"line":8,"column":23}},"2":{"start":{"line":9,"column":0},"end":{"line":9,"column":19}},"3":{"start":{"line":10,"column":22},"end":{"line":10,"column":44}},"4":{"start":{"line":11,"column":0},"end":{"line":14,"column":3}},"5":{"start":{"line":12,"column":4},"end":{"line":12,"column":41}},"6":{"start":{"line":13,"column":4},"end":{"line":13,"column":20}}},"fnMap":{"0":{"name":"(anonymous_0)","decl":{"start":{"line":11,"column":19},"end":{"line":11,"column":20}},"loc":{"start":{"line":11,"column":32},"end":{"line":14,"column":1}},"line":11}},"branchMap":{},"s":{"0":2,"1":2,"2":2,"3":2,"4":2,"5":1,"6":1},"f":{"0":1},"b":{},"_coverageSchema":"43e27e138ebf9cfc5966b082cf9a028302ed4184","hash":"6c4a745f17e3f5ac628b4ff2a0e3671e2b84ffbd"}
,"/Users/edwardsuwirya/Enigma/projects/Express/hello-world-db/src/controller/category.controller.js": {"path":"/Users/edwardsuwirya/Enigma/projects/Express/hello-world-db/src/controller/category.controller.js","statementMap":{"0":{"start":{"line":4,"column":27},"end":{"line":4,"column":51}},"1":{"start":{"line":5,"column":31},"end":{"line":13,"column":1}},"2":{"start":{"line":6,"column":4},"end":{"line":12,"column":5}},"3":{"start":{"line":7,"column":21},"end":{"line":7,"column":93}},"4":{"start":{"line":8,"column":8},"end":{"line":8,"column":42}},"5":{"start":{"line":11,"column":8},"end":{"line":11,"column":64}},"6":{"start":{"line":15,"column":31},"end":{"line":29,"column":1}},"7":{"start":{"line":16,"column":4},"end":{"line":28,"column":5}},"8":{"start":{"line":17,"column":19},"end":{"line":17,"column":31}},"9":{"start":{"line":18,"column":21},"end":{"line":18,"column":96}},"10":{"start":{"line":19,"column":8},"end":{"line":23,"column":9}},"11":{"start":{"line":20,"column":12},"end":{"line":20,"column":46}},"12":{"start":{"line":22,"column":12},"end":{"line":22,"column":81}},"13":{"start":{"line":27,"column":8},"end":{"line":27,"column":51}},"14":{"start":{"line":31,"column":42},"end":{"line":38,"column":1}},"15":{"start":{"line":32,"column":4},"end":{"line":37,"column":5}},"16":{"start":{"line":33,"column":21},"end":{"line":33,"column":100}},"17":{"start":{"line":34,"column":8},"end":{"line":34,"column":42}},"18":{"start":{"line":36,"column":8},"end":{"line":36,"column":64}},"19":{"start":{"line":40,"column":31},"end":{"line":48,"column":1}},"20":{"start":{"line":41,"column":4},"end":{"line":47,"column":5}},"21":{"start":{"line":42,"column":25},"end":{"line":42,"column":38}},"22":{"start":{"line":43,"column":23},"end":{"line":43,"column":103}},"23":{"start":{"line":44,"column":8},"end":{"line":44,"column":44}},"24":{"start":{"line":46,"column":8},"end":{"line":46,"column":64}}},"fnMap":{"0":{"name":"(anonymous_0)","decl":{"start":{"line":5,"column":31},"end":{"line":5,"column":32}},"loc":{"start":{"line":5,"column":68},"end":{"line":13,"column":1}},"line":5},"1":{"name":"(anonymous_1)","decl":{"start":{"line":15,"column":31},"end":{"line":15,"column":32}},"loc":{"start":{"line":15,"column":68},"end":{"line":29,"column":1}},"line":15},"2":{"name":"(anonymous_2)","decl":{"start":{"line":31,"column":42},"end":{"line":31,"column":43}},"loc":{"start":{"line":31,"column":79},"end":{"line":38,"column":1}},"line":31},"3":{"name":"(anonymous_3)","decl":{"start":{"line":40,"column":31},"end":{"line":40,"column":32}},"loc":{"start":{"line":40,"column":68},"end":{"line":48,"column":1}},"line":40}},"branchMap":{"0":{"loc":{"start":{"line":19,"column":8},"end":{"line":23,"column":9}},"type":"if","locations":[{"start":{"line":19,"column":8},"end":{"line":23,"column":9}},{"start":{"line":19,"column":8},"end":{"line":23,"column":9}}],"line":19}},"s":{"0":3,"1":3,"2":2,"3":2,"4":2,"5":0,"6":3,"7":0,"8":0,"9":0,"10":0,"11":0,"12":0,"13":0,"14":3,"15":1,"16":1,"17":1,"18":0,"19":3,"20":1,"21":1,"22":1,"23":1,"24":0},"f":{"0":2,"1":0,"2":1,"3":1},"b":{"0":[0,0]},"_coverageSchema":"43e27e138ebf9cfc5966b082cf9a028302ed4184","hash":"dd6de9a860b8f25055339b6da8fcf7ecdbeed726"}
,"/Users/edwardsuwirya/Enigma/projects/Express/hello-world-db/src/entities/category.schema.js": {"path":"/Users/edwardsuwirya/Enigma/projects/Express/hello-world-db/src/entities/category.schema.js","statementMap":{"0":{"start":{"line":4,"column":23},"end":{"line":30,"column":2}}},"fnMap":{},"branchMap":{},"s":{"0":5},"f":{},"b":{},"_coverageSchema":"43e27e138ebf9cfc5966b082cf9a028302ed4184","hash":"2412f6da1adf2679cde1a1bb952cd489c84b380a"}
,"/Users/edwardsuwirya/Enigma/projects/Express/hello-world-db/src/entities/product.schema.js": {"path":"/Users/edwardsuwirya/Enigma/projects/Express/hello-world-db/src/entities/product.schema.js","statementMap":{"0":{"start":{"line":4,"column":22},"end":{"line":35,"column":2}}},"fnMap":{},"branchMap":{},"s":{"0":3},"f":{},"b":{},"_coverageSchema":"43e27e138ebf9cfc5966b082cf9a028302ed4184","hash":"3e3e097d16ae6101b7f813cfa791bcc4c031021f"}
,"/Users/edwardsuwirya/Enigma/projects/Express/hello-world-db/src/entities/user.schema.js": {"path":"/Users/edwardsuwirya/Enigma/projects/Express/hello-world-db/src/entities/user.schema.js","statementMap":{"0":{"start":{"line":4,"column":19},"end":{"line":37,"column":2}}},"fnMap":{},"branchMap":{},"s":{"0":3},"f":{},"b":{},"_coverageSchema":"43e27e138ebf9cfc5966b082cf9a028302ed4184","hash":"92ee4a4568de36993301362ca46812846604ecc6"}
,"/Users/edwardsuwirya/Enigma/projects/Express/hello-world-db/src/entities/userInfo.schema.js": {"path":"/Users/edwardsuwirya/Enigma/projects/Express/hello-world-db/src/entities/userInfo.schema.js","statementMap":{"0":{"start":{"line":4,"column":23},"end":{"line":22,"column":2}}},"fnMap":{},"branchMap":{},"s":{"0":2},"f":{},"b":{},"_coverageSchema":"43e27e138ebf9cfc5966b082cf9a028302ed4184","hash":"34b608cdffa073780b8cdaefcf2f25717e2c7e45"}
,"/Users/edwardsuwirya/Enigma/projects/Express/hello-world-db/src/events/logging.event.js": {"path":"/Users/edwardsuwirya/Enigma/projects/Express/hello-world-db/src/events/logging.event.js","statementMap":{"0":{"start":{"line":4,"column":29},"end":{"line":4,"column":54}},"1":{"start":{"line":6,"column":23},"end":{"line":19,"column":1}},"2":{"start":{"line":8,"column":8},"end":{"line":17,"column":9}},"3":{"start":{"line":10,"column":16},"end":{"line":10,"column":64}},"4":{"start":{"line":11,"column":16},"end":{"line":11,"column":22}},"5":{"start":{"line":13,"column":16},"end":{"line":13,"column":63}},"6":{"start":{"line":14,"column":16},"end":{"line":14,"column":22}},"7":{"start":{"line":16,"column":16},"end":{"line":16,"column":64}},"8":{"start":{"line":21,"column":0},"end":{"line":25,"column":3}},"9":{"start":{"line":22,"column":4},"end":{"line":24,"column":7}},"10":{"start":{"line":27,"column":0},"end":{"line":31,"column":3}},"11":{"start":{"line":28,"column":4},"end":{"line":30,"column":7}},"12":{"start":{"line":33,"column":0},"end":{"line":38,"column":3}},"13":{"start":{"line":34,"column":4},"end":{"line":35,"column":74}},"14":{"start":{"line":36,"column":4},"end":{"line":36,"column":23}},"15":{"start":{"line":37,"column":4},"end":{"line":37,"column":41}},"16":{"start":{"line":40,"column":0},"end":{"line":42,"column":3}},"17":{"start":{"line":41,"column":4},"end":{"line":41,"column":27}},"18":{"start":{"line":44,"column":0},"end":{"line":49,"column":3}},"19":{"start":{"line":45,"column":4},"end":{"line":46,"column":79}},"20":{"start":{"line":47,"column":4},"end":{"line":47,"column":23}},"21":{"start":{"line":48,"column":4},"end":{"line":48,"column":77}},"22":{"start":{"line":51,"column":28},"end":{"line":51,"column":53}},"23":{"start":{"line":53,"column":0},"end":{"line":55,"column":3}},"24":{"start":{"line":54,"column":4},"end":{"line":54,"column":86}},"25":{"start":{"line":56,"column":0},"end":{"line":59,"column":3}},"26":{"start":{"line":57,"column":4},"end":{"line":57,"column":22}},"27":{"start":{"line":58,"column":4},"end":{"line":58,"column":72}}},"fnMap":{"0":{"name":"(anonymous_0)","decl":{"start":{"line":7,"column":4},"end":{"line":7,"column":5}},"loc":{"start":{"line":7,"column":23},"end":{"line":18,"column":5}},"line":7},"1":{"name":"(anonymous_1)","decl":{"start":{"line":21,"column":24},"end":{"line":21,"column":25}},"loc":{"start":{"line":21,"column":38},"end":{"line":25,"column":1}},"line":21},"2":{"name":"(anonymous_2)","decl":{"start":{"line":27,"column":23},"end":{"line":27,"column":24}},"loc":{"start":{"line":27,"column":37},"end":{"line":31,"column":1}},"line":27},"3":{"name":"(anonymous_3)","decl":{"start":{"line":33,"column":26},"end":{"line":33,"column":27}},"loc":{"start":{"line":33,"column":40},"end":{"line":38,"column":1}},"line":33},"4":{"name":"(anonymous_4)","decl":{"start":{"line":40,"column":28},"end":{"line":40,"column":29}},"loc":{"start":{"line":40,"column":42},"end":{"line":42,"column":1}},"line":40},"5":{"name":"(anonymous_5)","decl":{"start":{"line":44,"column":31},"end":{"line":44,"column":32}},"loc":{"start":{"line":44,"column":45},"end":{"line":49,"column":1}},"line":44},"6":{"name":"(anonymous_6)","decl":{"start":{"line":53,"column":26},"end":{"line":53,"column":27}},"loc":{"start":{"line":53,"column":40},"end":{"line":55,"column":1}},"line":53},"7":{"name":"(anonymous_7)","decl":{"start":{"line":56,"column":33},"end":{"line":56,"column":34}},"loc":{"start":{"line":56,"column":47},"end":{"line":59,"column":1}},"line":56}},"branchMap":{"0":{"loc":{"start":{"line":8,"column":8},"end":{"line":17,"column":9}},"type":"switch","locations":[{"start":{"line":9,"column":12},"end":{"line":11,"column":22}},{"start":{"line":12,"column":12},"end":{"line":14,"column":22}},{"start":{"line":15,"column":12},"end":{"line":16,"column":64}}],"line":8}},"s":{"0":4,"1":4,"2":4,"3":3,"4":3,"5":1,"6":1,"7":0,"8":4,"9":2,"10":4,"11":0,"12":4,"13":0,"14":0,"15":0,"16":4,"17":1,"18":4,"19":1,"20":1,"21":1,"22":4,"23":4,"24":1,"25":4,"26":0,"27":0},"f":{"0":4,"1":2,"2":0,"3":0,"4":1,"5":1,"6":1,"7":0},"b":{"0":[3,1,0]},"_coverageSchema":"43e27e138ebf9cfc5966b082cf9a028302ed4184","hash":"9447d784291f5cb2215215f8aafa1e8ffc0112dd"}
,"/Users/edwardsuwirya/Enigma/projects/Express/hello-world-db/src/middlewares/app-middleware.js": {"path":"/Users/edwardsuwirya/Enigma/projects/Express/hello-world-db/src/middlewares/app-middleware.js","statementMap":{},"fnMap":{},"branchMap":{},"s":{},"f":{},"b":{},"_coverageSchema":"43e27e138ebf9cfc5966b082cf9a028302ed4184","hash":"afe4da3df4f69e15a9c1a3baa4ee2b01c201fdcf"}
,"/Users/edwardsuwirya/Enigma/projects/Express/hello-world-db/src/models/User.model.js": {"path":"/Users/edwardsuwirya/Enigma/projects/Express/hello-world-db/src/models/User.model.js","statementMap":{"0":{"start":{"line":3,"column":8},"end":{"line":3,"column":29}},"1":{"start":{"line":4,"column":8},"end":{"line":4,"column":33}},"2":{"start":{"line":5,"column":8},"end":{"line":5,"column":41}},"3":{"start":{"line":6,"column":8},"end":{"line":6,"column":41}}},"fnMap":{"0":{"name":"(anonymous_0)","decl":{"start":{"line":2,"column":4},"end":{"line":2,"column":5}},"loc":{"start":{"line":2,"column":62},"end":{"line":7,"column":5}},"line":2}},"branchMap":{},"s":{"0":2,"1":2,"2":2,"3":2},"f":{"0":2},"b":{},"_coverageSchema":"43e27e138ebf9cfc5966b082cf9a028302ed4184","hash":"474395dfccce11f20b0dde3219c8f5abff4277ed"}
,"/Users/edwardsuwirya/Enigma/projects/Express/hello-world-db/src/models/UserInfo.model.js": {"path":"/Users/edwardsuwirya/Enigma/projects/Express/hello-world-db/src/models/UserInfo.model.js","statementMap":{"0":{"start":{"line":3,"column":8},"end":{"line":3,"column":21}},"1":{"start":{"line":4,"column":8},"end":{"line":4,"column":31}},"2":{"start":{"line":5,"column":8},"end":{"line":5,"column":31}}},"fnMap":{"0":{"name":"(anonymous_0)","decl":{"start":{"line":2,"column":4},"end":{"line":2,"column":5}},"loc":{"start":{"line":2,"column":38},"end":{"line":6,"column":5}},"line":2}},"branchMap":{},"s":{"0":1,"1":1,"2":1},"f":{"0":1},"b":{},"_coverageSchema":"43e27e138ebf9cfc5966b082cf9a028302ed4184","hash":"85058efa77ba389f9c958df3a404362fb09522ed"}
,"/Users/edwardsuwirya/Enigma/projects/Express/hello-world-db/src/models/category.model.js": {"path":"/Users/edwardsuwirya/Enigma/projects/Express/hello-world-db/src/models/category.model.js","statementMap":{"0":{"start":{"line":3,"column":8},"end":{"line":3,"column":21}},"1":{"start":{"line":4,"column":8},"end":{"line":4,"column":37}},"2":{"start":{"line":5,"column":8},"end":{"line":5,"column":41}}},"fnMap":{"0":{"name":"(anonymous_0)","decl":{"start":{"line":2,"column":4},"end":{"line":2,"column":5}},"loc":{"start":{"line":2,"column":46},"end":{"line":6,"column":5}},"line":2}},"branchMap":{},"s":{"0":2,"1":2,"2":2},"f":{"0":2},"b":{},"_coverageSchema":"43e27e138ebf9cfc5966b082cf9a028302ed4184","hash":"dc40d813d7fffc5e40095d8882f24f71d419cce5"}
,"/Users/edwardsuwirya/Enigma/projects/Express/hello-world-db/src/models/product.model.js": {"path":"/Users/edwardsuwirya/Enigma/projects/Express/hello-world-db/src/models/product.model.js","statementMap":{"0":{"start":{"line":3,"column":8},"end":{"line":3,"column":21}},"1":{"start":{"line":4,"column":8},"end":{"line":4,"column":35}},"2":{"start":{"line":5,"column":8},"end":{"line":5,"column":39}},"3":{"start":{"line":6,"column":8},"end":{"line":6,"column":27}}},"fnMap":{"0":{"name":"(anonymous_0)","decl":{"start":{"line":2,"column":4},"end":{"line":2,"column":5}},"loc":{"start":{"line":2,"column":51},"end":{"line":7,"column":5}},"line":2}},"branchMap":{},"s":{"0":1,"1":1,"2":1,"3":1},"f":{"0":1},"b":{},"_coverageSchema":"43e27e138ebf9cfc5966b082cf9a028302ed4184","hash":"69b89e409e6921c7db215bf5843ee83189d633cf"}
,"/Users/edwardsuwirya/Enigma/projects/Express/hello-world-db/src/repository/category.repository.js": {"path":"/Users/edwardsuwirya/Enigma/projects/Express/hello-world-db/src/repository/category.repository.js","statementMap":{"0":{"start":{"line":6,"column":8},"end":{"line":6,"column":45}},"1":{"start":{"line":10,"column":25},"end":{"line":10,"column":106}},"2":{"start":{"line":11,"column":8},"end":{"line":11,"column":24}},"3":{"start":{"line":15,"column":25},"end":{"line":15,"column":63}},"4":{"start":{"line":16,"column":8},"end":{"line":16,"column":24}},"5":{"start":{"line":20,"column":25},"end":{"line":20,"column":87}},"6":{"start":{"line":21,"column":8},"end":{"line":21,"column":24}},"7":{"start":{"line":25,"column":8},"end":{"line":25,"column":62}}},"fnMap":{"0":{"name":"(anonymous_0)","decl":{"start":{"line":5,"column":4},"end":{"line":5,"column":5}},"loc":{"start":{"line":5,"column":25},"end":{"line":7,"column":5}},"line":5},"1":{"name":"(anonymous_1)","decl":{"start":{"line":9,"column":4},"end":{"line":9,"column":5}},"loc":{"start":{"line":9,"column":22},"end":{"line":12,"column":5}},"line":9},"2":{"name":"(anonymous_2)","decl":{"start":{"line":14,"column":4},"end":{"line":14,"column":5}},"loc":{"start":{"line":14,"column":28},"end":{"line":17,"column":5}},"line":14},"3":{"name":"(anonymous_3)","decl":{"start":{"line":19,"column":4},"end":{"line":19,"column":5}},"loc":{"start":{"line":19,"column":35},"end":{"line":22,"column":5}},"line":19},"4":{"name":"(anonymous_4)","decl":{"start":{"line":24,"column":4},"end":{"line":24,"column":5}},"loc":{"start":{"line":24,"column":35},"end":{"line":26,"column":5}},"line":24}},"branchMap":{},"s":{"0":1,"1":0,"2":0,"3":1,"4":1,"5":0,"6":0,"7":0},"f":{"0":1,"1":0,"2":1,"3":0,"4":0},"b":{},"_coverageSchema":"43e27e138ebf9cfc5966b082cf9a028302ed4184","hash":"bff20807d223c0caa5100bd568666594b37e371a"}
,"/Users/edwardsuwirya/Enigma/projects/Express/hello-world-db/src/repository/product.repository.js": {"path":"/Users/edwardsuwirya/Enigma/projects/Express/hello-world-db/src/repository/product.repository.js","statementMap":{"0":{"start":{"line":6,"column":8},"end":{"line":6,"column":44}},"1":{"start":{"line":10,"column":24},"end":{"line":10,"column":105}},"2":{"start":{"line":11,"column":8},"end":{"line":11,"column":23}},"3":{"start":{"line":15,"column":24},"end":{"line":15,"column":86}},"4":{"start":{"line":16,"column":8},"end":{"line":16,"column":23}},"5":{"start":{"line":20,"column":8},"end":{"line":20,"column":60}},"6":{"start":{"line":24,"column":24},"end":{"line":24,"column":36}},"7":{"start":{"line":25,"column":24},"end":{"line":32,"column":9}},"8":{"start":{"line":33,"column":8},"end":{"line":33,"column":23}},"9":{"start":{"line":37,"column":8},"end":{"line":42,"column":23}}},"fnMap":{"0":{"name":"(anonymous_0)","decl":{"start":{"line":5,"column":4},"end":{"line":5,"column":5}},"loc":{"start":{"line":5,"column":24},"end":{"line":7,"column":5}},"line":5},"1":{"name":"(anonymous_1)","decl":{"start":{"line":9,"column":4},"end":{"line":9,"column":5}},"loc":{"start":{"line":9,"column":22},"end":{"line":12,"column":5}},"line":9},"2":{"name":"(anonymous_2)","decl":{"start":{"line":14,"column":4},"end":{"line":14,"column":5}},"loc":{"start":{"line":14,"column":27},"end":{"line":17,"column":5}},"line":14},"3":{"name":"(anonymous_3)","decl":{"start":{"line":19,"column":4},"end":{"line":19,"column":5}},"loc":{"start":{"line":19,"column":33},"end":{"line":21,"column":5}},"line":19},"4":{"name":"(anonymous_4)","decl":{"start":{"line":23,"column":4},"end":{"line":23,"column":5}},"loc":{"start":{"line":23,"column":79},"end":{"line":34,"column":5}},"line":23},"5":{"name":"(anonymous_5)","decl":{"start":{"line":36,"column":4},"end":{"line":36,"column":5}},"loc":{"start":{"line":36,"column":37},"end":{"line":43,"column":5}},"line":36}},"branchMap":{},"s":{"0":0,"1":0,"2":0,"3":0,"4":0,"5":0,"6":0,"7":0,"8":0,"9":0},"f":{"0":0,"1":0,"2":0,"3":0,"4":0,"5":0},"b":{},"_coverageSchema":"43e27e138ebf9cfc5966b082cf9a028302ed4184","hash":"c51335eaacc6a5c5383f13ad6231bf38c1239a9a"}
,"/Users/edwardsuwirya/Enigma/projects/Express/hello-world-db/src/repository/user.repository.js": {"path":"/Users/edwardsuwirya/Enigma/projects/Express/hello-world-db/src/repository/user.repository.js","statementMap":{"0":{"start":{"line":6,"column":8},"end":{"line":6,"column":41}},"1":{"start":{"line":10,"column":21},"end":{"line":15,"column":25}},"2":{"start":{"line":16,"column":8},"end":{"line":16,"column":20}},"3":{"start":{"line":20,"column":8},"end":{"line":23,"column":10}},"4":{"start":{"line":27,"column":21},"end":{"line":33,"column":26}},"5":{"start":{"line":34,"column":8},"end":{"line":34,"column":20}},"6":{"start":{"line":38,"column":21},"end":{"line":38,"column":55}},"7":{"start":{"line":39,"column":8},"end":{"line":40,"column":45}}},"fnMap":{"0":{"name":"(anonymous_0)","decl":{"start":{"line":5,"column":4},"end":{"line":5,"column":5}},"loc":{"start":{"line":5,"column":21},"end":{"line":7,"column":5}},"line":5},"1":{"name":"(anonymous_1)","decl":{"start":{"line":9,"column":4},"end":{"line":9,"column":5}},"loc":{"start":{"line":9,"column":22},"end":{"line":17,"column":5}},"line":9},"2":{"name":"(anonymous_2)","decl":{"start":{"line":19,"column":4},"end":{"line":19,"column":5}},"loc":{"start":{"line":19,"column":56},"end":{"line":24,"column":5}},"line":19},"3":{"name":"(anonymous_3)","decl":{"start":{"line":26,"column":4},"end":{"line":26,"column":5}},"loc":{"start":{"line":26,"column":39},"end":{"line":35,"column":5}},"line":26},"4":{"name":"(anonymous_4)","decl":{"start":{"line":37,"column":4},"end":{"line":37,"column":5}},"loc":{"start":{"line":37,"column":21},"end":{"line":41,"column":5}},"line":37}},"branchMap":{"0":{"loc":{"start":{"line":26,"column":18},"end":{"line":26,"column":26}},"type":"default-arg","locations":[{"start":{"line":26,"column":25},"end":{"line":26,"column":26}}],"line":26},"1":{"loc":{"start":{"line":26,"column":28},"end":{"line":26,"column":37}},"type":"default-arg","locations":[{"start":{"line":26,"column":35},"end":{"line":26,"column":37}}],"line":26}},"s":{"0":1,"1":0,"2":0,"3":1,"4":0,"5":0,"6":0,"7":0},"f":{"0":1,"1":0,"2":1,"3":0,"4":0},"b":{"0":[0],"1":[0]},"_coverageSchema":"43e27e138ebf9cfc5966b082cf9a028302ed4184","hash":"0a7212ba65fb68e1aaa283b707f0d27193b9f159"}
,"/Users/edwardsuwirya/Enigma/projects/Express/hello-world-db/src/routes/auth.router.js": {"path":"/Users/edwardsuwirya/Enigma/projects/Express/hello-world-db/src/routes/auth.router.js","statementMap":{"0":{"start":{"line":5,"column":19},"end":{"line":18,"column":6}},"1":{"start":{"line":7,"column":19},"end":{"line":7,"column":32}},"2":{"start":{"line":8,"column":25},"end":{"line":8,"column":61}},"3":{"start":{"line":9,"column":8},"end":{"line":16,"column":9}},"4":{"start":{"line":10,"column":12},"end":{"line":10,"column":56}},"5":{"start":{"line":11,"column":12},"end":{"line":11,"column":64}},"6":{"start":{"line":12,"column":12},"end":{"line":12,"column":62}},"7":{"start":{"line":14,"column":12},"end":{"line":14,"column":60}},"8":{"start":{"line":15,"column":12},"end":{"line":15,"column":32}}},"fnMap":{"0":{"name":"(anonymous_0)","decl":{"start":{"line":6,"column":15},"end":{"line":6,"column":16}},"loc":{"start":{"line":6,"column":35},"end":{"line":18,"column":5}},"line":6}},"branchMap":{"0":{"loc":{"start":{"line":9,"column":8},"end":{"line":16,"column":9}},"type":"if","locations":[{"start":{"line":9,"column":8},"end":{"line":16,"column":9}},{"start":{"line":9,"column":8},"end":{"line":16,"column":9}}],"line":9}},"s":{"0":2,"1":1,"2":1,"3":1,"4":1,"5":1,"6":1,"7":0,"8":0},"f":{"0":1},"b":{"0":[1,0]},"_coverageSchema":"43e27e138ebf9cfc5966b082cf9a028302ed4184","hash":"e7e387b17e7207f1b32b117616a81a58334c8231"}
,"/Users/edwardsuwirya/Enigma/projects/Express/hello-world-db/src/routes/category.router.js": {"path":"/Users/edwardsuwirya/Enigma/projects/Express/hello-world-db/src/routes/category.router.js","statementMap":{"0":{"start":{"line":8,"column":23},"end":{"line":12,"column":31}},"1":{"start":{"line":9,"column":28},"end":{"line":9,"column":76}}},"fnMap":{"0":{"name":"(anonymous_0)","decl":{"start":{"line":9,"column":14},"end":{"line":9,"column":15}},"loc":{"start":{"line":9,"column":28},"end":{"line":9,"column":76}},"line":9}},"branchMap":{},"s":{"0":2,"1":1},"f":{"0":1},"b":{},"_coverageSchema":"43e27e138ebf9cfc5966b082cf9a028302ed4184","hash":"3b4c4eec376cb316c6dc63ff62c675f28757d7ac"}
,"/Users/edwardsuwirya/Enigma/projects/Express/hello-world-db/src/routes/index.js": {"path":"/Users/edwardsuwirya/Enigma/projects/Express/hello-world-db/src/routes/index.js","statementMap":{"0":{"start":{"line":11,"column":8},"end":{"line":15,"column":9}},"1":{"start":{"line":12,"column":12},"end":{"line":12,"column":18}},"2":{"start":{"line":14,"column":12},"end":{"line":14,"column":53}},"3":{"start":{"line":18,"column":8},"end":{"line":18,"column":61}},"4":{"start":{"line":19,"column":8},"end":{"line":19,"column":15}},"5":{"start":{"line":25,"column":8},"end":{"line":25,"column":71}}},"fnMap":{"0":{"name":"(anonymous_0)","decl":{"start":{"line":10,"column":9},"end":{"line":10,"column":10}},"loc":{"start":{"line":10,"column":35},"end":{"line":16,"column":5}},"line":10},"1":{"name":"(anonymous_1)","decl":{"start":{"line":17,"column":9},"end":{"line":17,"column":10}},"loc":{"start":{"line":17,"column":35},"end":{"line":20,"column":5}},"line":17},"2":{"name":"(anonymous_2)","decl":{"start":{"line":24,"column":9},"end":{"line":24,"column":10}},"loc":{"start":{"line":24,"column":29},"end":{"line":26,"column":5}},"line":24}},"branchMap":{"0":{"loc":{"start":{"line":11,"column":8},"end":{"line":15,"column":9}},"type":"if","locations":[{"start":{"line":11,"column":8},"end":{"line":15,"column":9}},{"start":{"line":11,"column":8},"end":{"line":15,"column":9}}],"line":11}},"s":{"0":1,"1":1,"2":0,"3":1,"4":1,"5":0},"f":{"0":1,"1":1,"2":0},"b":{"0":[1,0]},"_coverageSchema":"43e27e138ebf9cfc5966b082cf9a028302ed4184","hash":"c82c26add8f7a8c92e735de8102f160c4efc2850"}
,"/Users/edwardsuwirya/Enigma/projects/Express/hello-world-db/src/routes/product.router.js": {"path":"/Users/edwardsuwirya/Enigma/projects/Express/hello-world-db/src/routes/product.router.js","statementMap":{"0":{"start":{"line":4,"column":22},"end":{"line":29,"column":6}},"1":{"start":{"line":6,"column":21},"end":{"line":6,"column":63}},"2":{"start":{"line":7,"column":8},"end":{"line":7,"column":22}},"3":{"start":{"line":16,"column":28},"end":{"line":16,"column":49}},"4":{"start":{"line":17,"column":21},"end":{"line":17,"column":80}},"5":{"start":{"line":18,"column":8},"end":{"line":18,"column":22}},"6":{"start":{"line":21,"column":24},"end":{"line":21,"column":37}},"7":{"start":{"line":22,"column":23},"end":{"line":22,"column":72}},"8":{"start":{"line":23,"column":8},"end":{"line":23,"column":24}},"9":{"start":{"line":26,"column":33},"end":{"line":26,"column":41}},"10":{"start":{"line":27,"column":23},"end":{"line":27,"column":76}},"11":{"start":{"line":28,"column":8},"end":{"line":28,"column":24}}},"fnMap":{"0":{"name":"(anonymous_0)","decl":{"start":{"line":5,"column":14},"end":{"line":5,"column":15}},"loc":{"start":{"line":5,"column":40},"end":{"line":8,"column":5}},"line":5},"1":{"name":"(anonymous_1)","decl":{"start":{"line":9,"column":20},"end":{"line":9,"column":21}},"loc":{"start":{"line":9,"column":46},"end":{"line":19,"column":5}},"line":9},"2":{"name":"(anonymous_2)","decl":{"start":{"line":20,"column":15},"end":{"line":20,"column":16}},"loc":{"start":{"line":20,"column":41},"end":{"line":24,"column":5}},"line":20},"3":{"name":"(anonymous_3)","decl":{"start":{"line":25,"column":14},"end":{"line":25,"column":15}},"loc":{"start":{"line":25,"column":34},"end":{"line":29,"column":5}},"line":25}},"branchMap":{},"s":{"0":2,"1":0,"2":0,"3":0,"4":0,"5":0,"6":0,"7":0,"8":0,"9":0,"10":0,"11":0},"f":{"0":0,"1":0,"2":0,"3":0},"b":{},"_coverageSchema":"43e27e138ebf9cfc5966b082cf9a028302ed4184","hash":"5c802e23d2a43e5fb9bb081152306e2fbb575ee9"}
,"/Users/edwardsuwirya/Enigma/projects/Express/hello-world-db/src/routes/user.router.js": {"path":"/Users/edwardsuwirya/Enigma/projects/Express/hello-world-db/src/routes/user.router.js","statementMap":{"0":{"start":{"line":4,"column":20},"end":{"line":4,"column":37}},"1":{"start":{"line":5,"column":19},"end":{"line":21,"column":6}},"2":{"start":{"line":7,"column":22},"end":{"line":7,"column":83}},"3":{"start":{"line":8,"column":8},"end":{"line":8,"column":24}},"4":{"start":{"line":11,"column":20},"end":{"line":11,"column":24}},"5":{"start":{"line":12,"column":8},"end":{"line":14,"column":9}},"6":{"start":{"line":13,"column":12},"end":{"line":13,"column":62}},"7":{"start":{"line":15,"column":8},"end":{"line":15,"column":24}},"8":{"start":{"line":17,"column":19},"end":{"line":17,"column":32}},"9":{"start":{"line":18,"column":22},"end":{"line":18,"column":56}},"10":{"start":{"line":20,"column":8},"end":{"line":20,"column":24}}},"fnMap":{"0":{"name":"(anonymous_0)","decl":{"start":{"line":6,"column":14},"end":{"line":6,"column":15}},"loc":{"start":{"line":6,"column":34},"end":{"line":9,"column":5}},"line":6},"1":{"name":"(anonymous_1)","decl":{"start":{"line":10,"column":17},"end":{"line":10,"column":18}},"loc":{"start":{"line":10,"column":37},"end":{"line":16,"column":5}},"line":10},"2":{"name":"(anonymous_2)","decl":{"start":{"line":16,"column":17},"end":{"line":16,"column":18}},"loc":{"start":{"line":16,"column":37},"end":{"line":21,"column":5}},"line":16}},"branchMap":{"0":{"loc":{"start":{"line":12,"column":8},"end":{"line":14,"column":9}},"type":"if","locations":[{"start":{"line":12,"column":8},"end":{"line":14,"column":9}},{"start":{"line":12,"column":8},"end":{"line":14,"column":9}}],"line":12}},"s":{"0":2,"1":2,"2":0,"3":0,"4":0,"5":0,"6":0,"7":0,"8":0,"9":0,"10":0},"f":{"0":0,"1":0,"2":0},"b":{"0":[0,0]},"_coverageSchema":"43e27e138ebf9cfc5966b082cf9a028302ed4184","hash":"638ddd9760f4014094218a6add89651d5c9b0a93"}
,"/Users/edwardsuwirya/Enigma/projects/Express/hello-world-db/src/services/auth.service.js": {"path":"/Users/edwardsuwirya/Enigma/projects/Express/hello-world-db/src/services/auth.service.js","statementMap":{"0":{"start":{"line":6,"column":8},"end":{"line":6,"column":96}}},"fnMap":{"0":{"name":"(anonymous_0)","decl":{"start":{"line":5,"column":4},"end":{"line":5,"column":5}},"loc":{"start":{"line":5,"column":17},"end":{"line":7,"column":5}},"line":5}},"branchMap":{},"s":{"0":1},"f":{"0":1},"b":{},"_coverageSchema":"43e27e138ebf9cfc5966b082cf9a028302ed4184","hash":"a45f0454e4f34206d41f4bf47839104620b21b00"}
,"/Users/edwardsuwirya/Enigma/projects/Express/hello-world-db/src/services/category.service.js": {"path":"/Users/edwardsuwirya/Enigma/projects/Express/hello-world-db/src/services/category.service.js","statementMap":{"0":{"start":{"line":3,"column":8},"end":{"line":3,"column":25}},"1":{"start":{"line":4,"column":8},"end":{"line":4,"column":20}},"2":{"start":{"line":8,"column":8},"end":{"line":8,"column":43}},"3":{"start":{"line":13,"column":8},"end":{"line":13,"column":50}},"4":{"start":{"line":18,"column":8},"end":{"line":18,"column":37}},"5":{"start":{"line":22,"column":8},"end":{"line":22,"column":50}}},"fnMap":{"0":{"name":"(anonymous_0)","decl":{"start":{"line":2,"column":4},"end":{"line":2,"column":5}},"loc":{"start":{"line":2,"column":24},"end":{"line":5,"column":5}},"line":2},"1":{"name":"(anonymous_1)","decl":{"start":{"line":7,"column":4},"end":{"line":7,"column":5}},"loc":{"start":{"line":7,"column":21},"end":{"line":10,"column":5}},"line":7},"2":{"name":"(anonymous_2)","decl":{"start":{"line":12,"column":4},"end":{"line":12,"column":5}},"loc":{"start":{"line":12,"column":28},"end":{"line":15,"column":5}},"line":12},"3":{"name":"(anonymous_3)","decl":{"start":{"line":17,"column":4},"end":{"line":17,"column":5}},"loc":{"start":{"line":17,"column":24},"end":{"line":19,"column":5}},"line":17},"4":{"name":"(anonymous_4)","decl":{"start":{"line":21,"column":4},"end":{"line":21,"column":5}},"loc":{"start":{"line":21,"column":29},"end":{"line":23,"column":5}},"line":21}},"branchMap":{},"s":{"0":6,"1":6,"2":2,"3":0,"4":0,"5":1},"f":{"0":6,"1":2,"2":0,"3":0,"4":1},"b":{},"_coverageSchema":"43e27e138ebf9cfc5966b082cf9a028302ed4184","hash":"08b1d826d3514399aa8af8a61e54af596b1364a8"}
,"/Users/edwardsuwirya/Enigma/projects/Express/hello-world-db/src/services/product.service.js": {"path":"/Users/edwardsuwirya/Enigma/projects/Express/hello-world-db/src/services/product.service.js","statementMap":{"0":{"start":{"line":5,"column":8},"end":{"line":5,"column":56}},"1":{"start":{"line":9,"column":21},"end":{"line":9,"column":44}},"2":{"start":{"line":10,"column":8},"end":{"line":10,"column":128}},"3":{"start":{"line":14,"column":8},"end":{"line":14,"column":59}},"4":{"start":{"line":18,"column":8},"end":{"line":18,"column":62}},"5":{"start":{"line":22,"column":8},"end":{"line":22,"column":66}}},"fnMap":{"0":{"name":"(anonymous_0)","decl":{"start":{"line":4,"column":4},"end":{"line":4,"column":5}},"loc":{"start":{"line":4,"column":20},"end":{"line":6,"column":5}},"line":4},"1":{"name":"(anonymous_1)","decl":{"start":{"line":8,"column":4},"end":{"line":8,"column":5}},"loc":{"start":{"line":8,"column":37},"end":{"line":11,"column":5}},"line":8},"2":{"name":"(anonymous_2)","decl":{"start":{"line":13,"column":4},"end":{"line":13,"column":5}},"loc":{"start":{"line":13,"column":23},"end":{"line":15,"column":5}},"line":13},"3":{"name":"(anonymous_3)","decl":{"start":{"line":17,"column":4},"end":{"line":17,"column":5}},"loc":{"start":{"line":17,"column":27},"end":{"line":19,"column":5}},"line":17},"4":{"name":"(anonymous_4)","decl":{"start":{"line":21,"column":4},"end":{"line":21,"column":5}},"loc":{"start":{"line":21,"column":31},"end":{"line":23,"column":5}},"line":21}},"branchMap":{},"s":{"0":0,"1":0,"2":0,"3":0,"4":0,"5":0},"f":{"0":0,"1":0,"2":0,"3":0,"4":0},"b":{},"_coverageSchema":"43e27e138ebf9cfc5966b082cf9a028302ed4184","hash":"92e5da27ff60926b6e4db6a447b5b53ae2bc604a"}
,"/Users/edwardsuwirya/Enigma/projects/Express/hello-world-db/src/services/user.service.js": {"path":"/Users/edwardsuwirya/Enigma/projects/Express/hello-world-db/src/services/user.service.js","statementMap":{"0":{"start":{"line":6,"column":8},"end":{"line":6,"column":48}},"1":{"start":{"line":10,"column":8},"end":{"line":10,"column":56}},"2":{"start":{"line":11,"column":8},"end":{"line":11,"column":20}},"3":{"start":{"line":15,"column":8},"end":{"line":15,"column":47}}},"fnMap":{"0":{"name":"(anonymous_0)","decl":{"start":{"line":5,"column":4},"end":{"line":5,"column":5}},"loc":{"start":{"line":5,"column":17},"end":{"line":7,"column":5}},"line":5},"1":{"name":"(anonymous_1)","decl":{"start":{"line":9,"column":4},"end":{"line":9,"column":5}},"loc":{"start":{"line":9,"column":37},"end":{"line":12,"column":5}},"line":9},"2":{"name":"(anonymous_2)","decl":{"start":{"line":14,"column":4},"end":{"line":14,"column":5}},"loc":{"start":{"line":14,"column":21},"end":{"line":16,"column":5}},"line":14}},"branchMap":{"0":{"loc":{"start":{"line":9,"column":16},"end":{"line":9,"column":24}},"type":"default-arg","locations":[{"start":{"line":9,"column":23},"end":{"line":9,"column":24}}],"line":9},"1":{"loc":{"start":{"line":9,"column":26},"end":{"line":9,"column":35}},"type":"default-arg","locations":[{"start":{"line":9,"column":33},"end":{"line":9,"column":35}}],"line":9}},"s":{"0":0,"1":0,"2":0,"3":0},"f":{"0":0,"1":0,"2":0},"b":{"0":[0],"1":[0]},"_coverageSchema":"43e27e138ebf9cfc5966b082cf9a028302ed4184","hash":"d260480ac4963b9de3f4e7d0585e809581e17d71"}
}
